2025-09-17 00:15:01.597 [INFO] {2c8e5b6b6dcf6518ef60a45a0205b0bc} gateway-admin swagger ui is serving at address: http://127.0.0.1:8299/swagger/
2025-09-17 00:15:01.598 [INFO] gateway-admin pid[350048]: http server started listening on [:8299]
2025-09-17 00:15:01.598 [INFO] {2c8e5b6b6dcf6518ef60a45a0205b0bc} gateway-admin openapi specification is serving at address: http://127.0.0.1:8299/api.json
2025-09-17 00:15:01.651 [DEBU] {2c8e5b6b6dcf6518ef60a45a0205b0bc} gateway-admin service register: &{Head: Deployment: Namespace: Name:default Version: Endpoints:192.168.190.1:8299,192.168.72.1:8299,172.30.103.68:8299,172.29.208.1:8299,172.17.144.1:8299 Metadata:map[insecure:true protocol:http]}

----------|--------|-------------------------|-------------------------------------------------------------------------------------------------------------|----------------------------------
| ADDRESS | METHOD |          ROUTE          |                                                   HANDLER                                                   |           MIDDLEWARE            |
----------|--------|-------------------------|-------------------------------------------------------------------------------------------------------------|----------------------------------
| :8299   | ALL    | /*                      | shop-goframe-micro-service/utility/middleware.MiddlewareCORS                                                | GLOBAL MIDDLEWARE               |
----------|--------|-------------------------|-------------------------------------------------------------------------------------------------------------|----------------------------------
| :8299   | ALL    | /api.json               | github.com/gogf/gf/v2/net/ghttp.(*Server).openapiSpec                                                       |                                 |
----------|--------|-------------------------|-------------------------------------------------------------------------------------------------------------|----------------------------------
| :8299   | POST   | /backend/admin/login    | shop-goframe-micro-service/app/gateway-admin/internal/controller/admin.(*ControllerV1).AdminInfoLogin       | ghttp.MiddlewareHandlerResponse |
----------|--------|-------------------------|-------------------------------------------------------------------------------------------------------------|----------------------------------
| :8299   | POST   | /backend/admin/register | shop-goframe-micro-service/app/gateway-admin/internal/controller/admin.(*ControllerV1).AdminInfoRegister    | ghttp.MiddlewareHandlerResponse |
----------|--------|-------------------------|-------------------------------------------------------------------------------------------------------------|----------------------------------
| :8299   | DELETE | /backend/category       | shop-goframe-micro-service/app/gateway-admin/internal/controller/goods.(*ControllerV1).CategoryInfoDelete   | ghttp.MiddlewareHandlerResponse |
|         |        |                         |                                                                                                             | middleware.JWTAuth              |
----------|--------|-------------------------|-------------------------------------------------------------------------------------------------------------|----------------------------------
| :8299   | GET    | /backend/category       | shop-goframe-micro-service/app/gateway-admin/internal/controller/goods.(*ControllerV1).CategoryInfoGetList  | ghttp.MiddlewareHandlerResponse |
|         |        |                         |                                                                                                             | middleware.JWTAuth              |
----------|--------|-------------------------|-------------------------------------------------------------------------------------------------------------|----------------------------------
| :8299   | POST   | /backend/category       | shop-goframe-micro-service/app/gateway-admin/internal/controller/goods.(*ControllerV1).CategoryInfoCreate   | ghttp.MiddlewareHandlerResponse |
|         |        |                         |                                                                                                             | middleware.JWTAuth              |
----------|--------|-------------------------|-------------------------------------------------------------------------------------------------------------|----------------------------------
| :8299   | PUT    | /backend/category       | shop-goframe-micro-service/app/gateway-admin/internal/controller/goods.(*ControllerV1).CategoryInfoUpdate   | ghttp.MiddlewareHandlerResponse |
|         |        |                         |                                                                                                             | middleware.JWTAuth              |
----------|--------|-------------------------|-------------------------------------------------------------------------------------------------------------|----------------------------------
| :8299   | GET    | /backend/category/all   | shop-goframe-micro-service/app/gateway-admin/internal/controller/goods.(*ControllerV1).CategoryInfoGetAll   | ghttp.MiddlewareHandlerResponse |
|         |        |                         |                                                                                                             | middleware.JWTAuth              |
----------|--------|-------------------------|-------------------------------------------------------------------------------------------------------------|----------------------------------
| :8299   | DELETE | /backend/goods          | shop-goframe-micro-service/app/gateway-admin/internal/controller/goods.(*ControllerV1).GoodsInfoDelete      | ghttp.MiddlewareHandlerResponse |
|         |        |                         |                                                                                                             | middleware.JWTAuth              |
----------|--------|-------------------------|-------------------------------------------------------------------------------------------------------------|----------------------------------
| :8299   | GET    | /backend/goods          | shop-goframe-micro-service/app/gateway-admin/internal/controller/goods.(*ControllerV1).GoodsInfoGetList     | ghttp.MiddlewareHandlerResponse |
|         |        |                         |                                                                                                             | middleware.JWTAuth              |
----------|--------|-------------------------|-------------------------------------------------------------------------------------------------------------|----------------------------------
| :8299   | POST   | /backend/goods          | shop-goframe-micro-service/app/gateway-admin/internal/controller/goods.(*ControllerV1).GoodsInfoCreate      | ghttp.MiddlewareHandlerResponse |
|         |        |                         |                                                                                                             | middleware.JWTAuth              |
----------|--------|-------------------------|-------------------------------------------------------------------------------------------------------------|----------------------------------
| :8299   | PUT    | /backend/goods          | shop-goframe-micro-service/app/gateway-admin/internal/controller/goods.(*ControllerV1).GoodsInfoUpdate      | ghttp.MiddlewareHandlerResponse |
|         |        |                         |                                                                                                             | middleware.JWTAuth              |
----------|--------|-------------------------|-------------------------------------------------------------------------------------------------------------|----------------------------------
| :8299   | GET    | /backend/goods/detail   | shop-goframe-micro-service/app/gateway-admin/internal/controller/goods.(*ControllerV1).GoodsInfoGetDetail   | ghttp.MiddlewareHandlerResponse |
|         |        |                         |                                                                                                             | middleware.JWTAuth              |
----------|--------|-------------------------|-------------------------------------------------------------------------------------------------------------|----------------------------------
| :8299   | DELETE | /backend/goods/images   | shop-goframe-micro-service/app/gateway-admin/internal/controller/goods.(*ControllerV1).GoodsImagesDelete    | ghttp.MiddlewareHandlerResponse |
|         |        |                         |                                                                                                             | middleware.JWTAuth              |
----------|--------|-------------------------|-------------------------------------------------------------------------------------------------------------|----------------------------------
| :8299   | GET    | /backend/goods/images   | shop-goframe-micro-service/app/gateway-admin/internal/controller/goods.(*ControllerV1).GoodsImagesGetList   | ghttp.MiddlewareHandlerResponse |
|         |        |                         |                                                                                                             | middleware.JWTAuth              |
----------|--------|-------------------------|-------------------------------------------------------------------------------------------------------------|----------------------------------
| :8299   | POST   | /backend/goods/images   | shop-goframe-micro-service/app/gateway-admin/internal/controller/goods.(*ControllerV1).GoodsImagesCreate    | ghttp.MiddlewareHandlerResponse |
|         |        |                         |                                                                                                             | middleware.JWTAuth              |
----------|--------|-------------------------|-------------------------------------------------------------------------------------------------------------|----------------------------------
| :8299   | GET    | /backend/order          | shop-goframe-micro-service/app/gateway-admin/internal/controller/order.(*ControllerV1).OrderInfoGetList     | ghttp.MiddlewareHandlerResponse |
|         |        |                         |                                                                                                             | middleware.JWTAuth              |
----------|--------|-------------------------|-------------------------------------------------------------------------------------------------------------|----------------------------------
| :8299   | GET    | /backend/order/{id}     | shop-goframe-micro-service/app/gateway-admin/internal/controller/order.(*ControllerV1).OrderInfoGetDetail   | ghttp.MiddlewareHandlerResponse |
|         |        |                         |                                                                                                             | middleware.JWTAuth              |
----------|--------|-------------------------|-------------------------------------------------------------------------------------------------------------|----------------------------------
| :8299   | DELETE | /backend/position       | shop-goframe-micro-service/app/gateway-admin/internal/controller/banner.(*ControllerV1).PositionInfoDelete  | ghttp.MiddlewareHandlerResponse |
----------|--------|-------------------------|-------------------------------------------------------------------------------------------------------------|----------------------------------
| :8299   | GET    | /backend/position       | shop-goframe-micro-service/app/gateway-admin/internal/controller/banner.(*ControllerV1).PositionInfoGetList | ghttp.MiddlewareHandlerResponse |
----------|--------|-------------------------|-------------------------------------------------------------------------------------------------------------|----------------------------------
| :8299   | POST   | /backend/position       | shop-goframe-micro-service/app/gateway-admin/internal/controller/banner.(*ControllerV1).PositionInfoCreate  | ghttp.MiddlewareHandlerResponse |
----------|--------|-------------------------|-------------------------------------------------------------------------------------------------------------|----------------------------------
| :8299   | PUT    | /backend/position       | shop-goframe-micro-service/app/gateway-admin/internal/controller/banner.(*ControllerV1).PositionInfoUpdate  | ghttp.MiddlewareHandlerResponse |
----------|--------|-------------------------|-------------------------------------------------------------------------------------------------------------|----------------------------------
| :8299   | DELETE | /backend/rotation       | shop-goframe-micro-service/app/gateway-admin/internal/controller/banner.(*ControllerV1).RotationInfoDelete  | ghttp.MiddlewareHandlerResponse |
----------|--------|-------------------------|-------------------------------------------------------------------------------------------------------------|----------------------------------
| :8299   | GET    | /backend/rotation       | shop-goframe-micro-service/app/gateway-admin/internal/controller/banner.(*ControllerV1).RotationInfoGetList | ghttp.MiddlewareHandlerResponse |
----------|--------|-------------------------|-------------------------------------------------------------------------------------------------------------|----------------------------------
| :8299   | POST   | /backend/rotation       | shop-goframe-micro-service/app/gateway-admin/internal/controller/banner.(*ControllerV1).RotationInfoCreate  | ghttp.MiddlewareHandlerResponse |
----------|--------|-------------------------|-------------------------------------------------------------------------------------------------------------|----------------------------------
| :8299   | PUT    | /backend/rotation       | shop-goframe-micro-service/app/gateway-admin/internal/controller/banner.(*ControllerV1).RotationInfoUpdate  | ghttp.MiddlewareHandlerResponse |
----------|--------|-------------------------|-------------------------------------------------------------------------------------------------------------|----------------------------------
| :8299   | ALL    | /swagger/*              | github.com/gogf/gf/v2/net/ghttp.(*Server).swaggerUI                                                         | HOOK_BEFORE_SERVE               |
----------|--------|-------------------------|-------------------------------------------------------------------------------------------------------------|----------------------------------

2025-09-17 00:28:49.528 [INFO] gateway-admin pid[417436]: http server started listening on [:8299]
2025-09-17 00:28:49.528 [INFO] {2c8e5b6b6dcf6518ef60a45a0205b0bc} gateway-admin swagger ui is serving at address: http://127.0.0.1:8299/swagger/
2025-09-17 00:28:49.530 [INFO] {2c8e5b6b6dcf6518ef60a45a0205b0bc} gateway-admin openapi specification is serving at address: http://127.0.0.1:8299/api.json
2025-09-17 00:28:49.600 [DEBU] {2c8e5b6b6dcf6518ef60a45a0205b0bc} gateway-admin service register: &{Head: Deployment: Namespace: Name:default Version: Endpoints:192.168.190.1:8299,192.168.72.1:8299,172.30.103.68:8299,172.29.208.1:8299,172.17.144.1:8299 Metadata:map[insecure:true protocol:http]}

----------|--------|-------------------------|------------------------------------------------------------------------------------------------------------|----------------------------------
| ADDRESS | METHOD |          ROUTE          |                                                  HANDLER                                                   |           MIDDLEWARE            |
----------|--------|-------------------------|------------------------------------------------------------------------------------------------------------|----------------------------------
| :8299   | ALL    | /*                      | shop-goframe-micro-service/utility/middleware.MiddlewareCORS                                               | GLOBAL MIDDLEWARE               |
----------|--------|-------------------------|------------------------------------------------------------------------------------------------------------|----------------------------------
| :8299   | ALL    | /api.json               | github.com/gogf/gf/v2/net/ghttp.(*Server).openapiSpec                                                      |                                 |
----------|--------|-------------------------|------------------------------------------------------------------------------------------------------------|----------------------------------
| :8299   | POST   | /backend/admin/login    | shop-goframe-micro-service/app/gateway-admin/internal/controller/admin.(*ControllerV1).AdminInfoLogin      | ghttp.MiddlewareHandlerResponse |
----------|--------|-------------------------|------------------------------------------------------------------------------------------------------------|----------------------------------
| :8299   | POST   | /backend/admin/register | shop-goframe-micro-service/app/gateway-admin/internal/controller/admin.(*ControllerV1).AdminInfoRegister   | ghttp.MiddlewareHandlerResponse |
----------|--------|-------------------------|------------------------------------------------------------------------------------------------------------|----------------------------------
| :8299   | DELETE | /backend/category       | shop-goframe-micro-service/app/gateway-admin/internal/controller/goods.(*ControllerV1).CategoryInfoDelete  | ghttp.MiddlewareHandlerResponse |
|         |        |                         |                                                                                                            | middleware.JWTAuth              |
----------|--------|-------------------------|------------------------------------------------------------------------------------------------------------|----------------------------------
| :8299   | GET    | /backend/category       | shop-goframe-micro-service/app/gateway-admin/internal/controller/goods.(*ControllerV1).CategoryInfoGetList | ghttp.MiddlewareHandlerResponse |
|         |        |                         |                                                                                                            | middleware.JWTAuth              |
----------|--------|-------------------------|------------------------------------------------------------------------------------------------------------|----------------------------------
| :8299   | POST   | /backend/category       | shop-goframe-micro-service/app/gateway-admin/internal/controller/goods.(*ControllerV1).CategoryInfoCreate  | ghttp.MiddlewareHandlerResponse |
|         |        |                         |                                                                                                            | middleware.JWTAuth              |
----------|--------|-------------------------|------------------------------------------------------------------------------------------------------------|----------------------------------
| :8299   | PUT    | /backend/category       | shop-goframe-micro-service/app/gateway-admin/internal/controller/goods.(*ControllerV1).CategoryInfoUpdate  | ghttp.MiddlewareHandlerResponse |
|         |        |                         |                                                                                                            | middleware.JWTAuth              |
----------|--------|-------------------------|------------------------------------------------------------------------------------------------------------|----------------------------------
| :8299   | GET    | /backend/category/all   | shop-goframe-micro-service/app/gateway-admin/internal/controller/goods.(*ControllerV1).CategoryInfoGetAll  | ghttp.MiddlewareHandlerResponse |
|         |        |                         |                                                                                                            | middleware.JWTAuth              |
----------|--------|-------------------------|------------------------------------------------------------------------------------------------------------|----------------------------------
| :8299   | DELETE | /backend/goods          | shop-goframe-micro-service/app/gateway-admin/internal/controller/goods.(*ControllerV1).GoodsInfoDelete     | ghttp.MiddlewareHandlerResponse |
|         |        |                         |                                                                                                            | middleware.JWTAuth              |
----------|--------|-------------------------|------------------------------------------------------------------------------------------------------------|----------------------------------
| :8299   | GET    | /backend/goods          | shop-goframe-micro-service/app/gateway-admin/internal/controller/goods.(*ControllerV1).GoodsInfoGetList    | ghttp.MiddlewareHandlerResponse |
|         |        |                         |                                                                                                            | middleware.JWTAuth              |
----------|--------|-------------------------|------------------------------------------------------------------------------------------------------------|----------------------------------
| :8299   | POST   | /backend/goods          | shop-goframe-micro-service/app/gateway-admin/internal/controller/goods.(*ControllerV1).GoodsInfoCreate     | ghttp.MiddlewareHandlerResponse |
|         |        |                         |                                                                                                            | middleware.JWTAuth              |
----------|--------|-------------------------|------------------------------------------------------------------------------------------------------------|----------------------------------
| :8299   | PUT    | /backend/goods          | shop-goframe-micro-service/app/gateway-admin/internal/controller/goods.(*ControllerV1).GoodsInfoUpdate     | ghttp.MiddlewareHandlerResponse |
|         |        |                         |                                                                                                            | middleware.JWTAuth              |
----------|--------|-------------------------|------------------------------------------------------------------------------------------------------------|----------------------------------
| :8299   | GET    | /backend/goods/detail   | shop-goframe-micro-service/app/gateway-admin/internal/controller/goods.(*ControllerV1).GoodsInfoGetDetail  | ghttp.MiddlewareHandlerResponse |
|         |        |                         |                                                                                                            | middleware.JWTAuth              |
----------|--------|-------------------------|------------------------------------------------------------------------------------------------------------|----------------------------------
| :8299   | DELETE | /backend/goods/images   | shop-goframe-micro-service/app/gateway-admin/internal/controller/goods.(*ControllerV1).GoodsImagesDelete   | ghttp.MiddlewareHandlerResponse |
|         |        |                         |                                                                                                            | middleware.JWTAuth              |
----------|--------|-------------------------|------------------------------------------------------------------------------------------------------------|----------------------------------
| :8299   | GET    | /backend/goods/images   | shop-goframe-micro-service/app/gateway-admin/internal/controller/goods.(*ControllerV1).GoodsImagesGetList  | ghttp.MiddlewareHandlerResponse |
|         |        |                         |                                                                                                            | middleware.JWTAuth              |
----------|--------|-------------------------|------------------------------------------------------------------------------------------------------------|----------------------------------
| :8299   | POST   | /backend/goods/images   | shop-goframe-micro-service/app/gateway-admin/internal/controller/goods.(*ControllerV1).GoodsImagesCreate   | ghttp.MiddlewareHandlerResponse |
|         |        |                         |                                                                                                            | middleware.JWTAuth              |
----------|--------|-------------------------|------------------------------------------------------------------------------------------------------------|----------------------------------
| :8299   | GET    | /backend/order          | shop-goframe-micro-service/app/gateway-admin/internal/controller/order.(*ControllerV1).OrderInfoGetList    | ghttp.MiddlewareHandlerResponse |
|         |        |                         |                                                                                                            | middleware.JWTAuth              |
----------|--------|-------------------------|------------------------------------------------------------------------------------------------------------|----------------------------------
| :8299   | GET    | /backend/order/{id}     | shop-goframe-micro-service/app/gateway-admin/internal/controller/order.(*ControllerV1).OrderInfoGetDetail  | ghttp.MiddlewareHandlerResponse |
|         |        |                         |                                                                                                            | middleware.JWTAuth              |
----------|--------|-------------------------|------------------------------------------------------------------------------------------------------------|----------------------------------
| :8299   | ALL    | /swagger/*              | github.com/gogf/gf/v2/net/ghttp.(*Server).swaggerUI                                                        | HOOK_BEFORE_SERVE               |
----------|--------|-------------------------|------------------------------------------------------------------------------------------------------------|----------------------------------

2025-09-17 00:28:53.559 [INFO] {2c8e5b6b6dcf6518ef60a45a0205b0bc} gateway-admin swagger ui is serving at address: http://127.0.0.1:8299/swagger/
2025-09-17 00:28:53.560 [INFO] gateway-admin pid[403020]: http server started listening on [:8299]
2025-09-17 00:28:53.560 [INFO] {2c8e5b6b6dcf6518ef60a45a0205b0bc} gateway-admin openapi specification is serving at address: http://127.0.0.1:8299/api.json
2025-09-17 00:28:53.623 [DEBU] {2c8e5b6b6dcf6518ef60a45a0205b0bc} gateway-admin service register: &{Head: Deployment: Namespace: Name:default Version: Endpoints:192.168.190.1:8299,192.168.72.1:8299,172.30.103.68:8299,172.29.208.1:8299,172.17.144.1:8299 Metadata:map[insecure:true protocol:http]}

----------|--------|-------------------------|-------------------------------------------------------------------------------------------------------------|----------------------------------
| ADDRESS | METHOD |          ROUTE          |                                                   HANDLER                                                   |           MIDDLEWARE            |
----------|--------|-------------------------|-------------------------------------------------------------------------------------------------------------|----------------------------------
| :8299   | ALL    | /*                      | shop-goframe-micro-service/utility/middleware.MiddlewareCORS                                                | GLOBAL MIDDLEWARE               |
----------|--------|-------------------------|-------------------------------------------------------------------------------------------------------------|----------------------------------
| :8299   | ALL    | /api.json               | github.com/gogf/gf/v2/net/ghttp.(*Server).openapiSpec                                                       |                                 |
----------|--------|-------------------------|-------------------------------------------------------------------------------------------------------------|----------------------------------
| :8299   | POST   | /backend/admin/login    | shop-goframe-micro-service/app/gateway-admin/internal/controller/admin.(*ControllerV1).AdminInfoLogin       | ghttp.MiddlewareHandlerResponse |
----------|--------|-------------------------|-------------------------------------------------------------------------------------------------------------|----------------------------------
| :8299   | POST   | /backend/admin/register | shop-goframe-micro-service/app/gateway-admin/internal/controller/admin.(*ControllerV1).AdminInfoRegister    | ghttp.MiddlewareHandlerResponse |
----------|--------|-------------------------|-------------------------------------------------------------------------------------------------------------|----------------------------------
| :8299   | DELETE | /backend/category       | shop-goframe-micro-service/app/gateway-admin/internal/controller/goods.(*ControllerV1).CategoryInfoDelete   | ghttp.MiddlewareHandlerResponse |
|         |        |                         |                                                                                                             | middleware.JWTAuth              |
----------|--------|-------------------------|-------------------------------------------------------------------------------------------------------------|----------------------------------
| :8299   | GET    | /backend/category       | shop-goframe-micro-service/app/gateway-admin/internal/controller/goods.(*ControllerV1).CategoryInfoGetList  | ghttp.MiddlewareHandlerResponse |
|         |        |                         |                                                                                                             | middleware.JWTAuth              |
----------|--------|-------------------------|-------------------------------------------------------------------------------------------------------------|----------------------------------
| :8299   | POST   | /backend/category       | shop-goframe-micro-service/app/gateway-admin/internal/controller/goods.(*ControllerV1).CategoryInfoCreate   | ghttp.MiddlewareHandlerResponse |
|         |        |                         |                                                                                                             | middleware.JWTAuth              |
----------|--------|-------------------------|-------------------------------------------------------------------------------------------------------------|----------------------------------
| :8299   | PUT    | /backend/category       | shop-goframe-micro-service/app/gateway-admin/internal/controller/goods.(*ControllerV1).CategoryInfoUpdate   | ghttp.MiddlewareHandlerResponse |
|         |        |                         |                                                                                                             | middleware.JWTAuth              |
----------|--------|-------------------------|-------------------------------------------------------------------------------------------------------------|----------------------------------
| :8299   | GET    | /backend/category/all   | shop-goframe-micro-service/app/gateway-admin/internal/controller/goods.(*ControllerV1).CategoryInfoGetAll   | ghttp.MiddlewareHandlerResponse |
|         |        |                         |                                                                                                             | middleware.JWTAuth              |
----------|--------|-------------------------|-------------------------------------------------------------------------------------------------------------|----------------------------------
| :8299   | DELETE | /backend/goods          | shop-goframe-micro-service/app/gateway-admin/internal/controller/goods.(*ControllerV1).GoodsInfoDelete      | ghttp.MiddlewareHandlerResponse |
|         |        |                         |                                                                                                             | middleware.JWTAuth              |
----------|--------|-------------------------|-------------------------------------------------------------------------------------------------------------|----------------------------------
| :8299   | GET    | /backend/goods          | shop-goframe-micro-service/app/gateway-admin/internal/controller/goods.(*ControllerV1).GoodsInfoGetList     | ghttp.MiddlewareHandlerResponse |
|         |        |                         |                                                                                                             | middleware.JWTAuth              |
----------|--------|-------------------------|-------------------------------------------------------------------------------------------------------------|----------------------------------
| :8299   | POST   | /backend/goods          | shop-goframe-micro-service/app/gateway-admin/internal/controller/goods.(*ControllerV1).GoodsInfoCreate      | ghttp.MiddlewareHandlerResponse |
|         |        |                         |                                                                                                             | middleware.JWTAuth              |
----------|--------|-------------------------|-------------------------------------------------------------------------------------------------------------|----------------------------------
| :8299   | PUT    | /backend/goods          | shop-goframe-micro-service/app/gateway-admin/internal/controller/goods.(*ControllerV1).GoodsInfoUpdate      | ghttp.MiddlewareHandlerResponse |
|         |        |                         |                                                                                                             | middleware.JWTAuth              |
----------|--------|-------------------------|-------------------------------------------------------------------------------------------------------------|----------------------------------
| :8299   | GET    | /backend/goods/detail   | shop-goframe-micro-service/app/gateway-admin/internal/controller/goods.(*ControllerV1).GoodsInfoGetDetail   | ghttp.MiddlewareHandlerResponse |
|         |        |                         |                                                                                                             | middleware.JWTAuth              |
----------|--------|-------------------------|-------------------------------------------------------------------------------------------------------------|----------------------------------
| :8299   | DELETE | /backend/goods/images   | shop-goframe-micro-service/app/gateway-admin/internal/controller/goods.(*ControllerV1).GoodsImagesDelete    | ghttp.MiddlewareHandlerResponse |
|         |        |                         |                                                                                                             | middleware.JWTAuth              |
----------|--------|-------------------------|-------------------------------------------------------------------------------------------------------------|----------------------------------
| :8299   | GET    | /backend/goods/images   | shop-goframe-micro-service/app/gateway-admin/internal/controller/goods.(*ControllerV1).GoodsImagesGetList   | ghttp.MiddlewareHandlerResponse |
|         |        |                         |                                                                                                             | middleware.JWTAuth              |
----------|--------|-------------------------|-------------------------------------------------------------------------------------------------------------|----------------------------------
| :8299   | POST   | /backend/goods/images   | shop-goframe-micro-service/app/gateway-admin/internal/controller/goods.(*ControllerV1).GoodsImagesCreate    | ghttp.MiddlewareHandlerResponse |
|         |        |                         |                                                                                                             | middleware.JWTAuth              |
----------|--------|-------------------------|-------------------------------------------------------------------------------------------------------------|----------------------------------
| :8299   | GET    | /backend/order          | shop-goframe-micro-service/app/gateway-admin/internal/controller/order.(*ControllerV1).OrderInfoGetList     | ghttp.MiddlewareHandlerResponse |
|         |        |                         |                                                                                                             | middleware.JWTAuth              |
----------|--------|-------------------------|-------------------------------------------------------------------------------------------------------------|----------------------------------
| :8299   | GET    | /backend/order/{id}     | shop-goframe-micro-service/app/gateway-admin/internal/controller/order.(*ControllerV1).OrderInfoGetDetail   | ghttp.MiddlewareHandlerResponse |
|         |        |                         |                                                                                                             | middleware.JWTAuth              |
----------|--------|-------------------------|-------------------------------------------------------------------------------------------------------------|----------------------------------
| :8299   | DELETE | /backend/position       | shop-goframe-micro-service/app/gateway-admin/internal/controller/banner.(*ControllerV1).PositionInfoDelete  | ghttp.MiddlewareHandlerResponse |
|         |        |                         |                                                                                                             | middleware.JWTAuth              |
----------|--------|-------------------------|-------------------------------------------------------------------------------------------------------------|----------------------------------
| :8299   | GET    | /backend/position       | shop-goframe-micro-service/app/gateway-admin/internal/controller/banner.(*ControllerV1).PositionInfoGetList | ghttp.MiddlewareHandlerResponse |
|         |        |                         |                                                                                                             | middleware.JWTAuth              |
----------|--------|-------------------------|-------------------------------------------------------------------------------------------------------------|----------------------------------
| :8299   | POST   | /backend/position       | shop-goframe-micro-service/app/gateway-admin/internal/controller/banner.(*ControllerV1).PositionInfoCreate  | ghttp.MiddlewareHandlerResponse |
|         |        |                         |                                                                                                             | middleware.JWTAuth              |
----------|--------|-------------------------|-------------------------------------------------------------------------------------------------------------|----------------------------------
| :8299   | PUT    | /backend/position       | shop-goframe-micro-service/app/gateway-admin/internal/controller/banner.(*ControllerV1).PositionInfoUpdate  | ghttp.MiddlewareHandlerResponse |
|         |        |                         |                                                                                                             | middleware.JWTAuth              |
----------|--------|-------------------------|-------------------------------------------------------------------------------------------------------------|----------------------------------
| :8299   | DELETE | /backend/rotation       | shop-goframe-micro-service/app/gateway-admin/internal/controller/banner.(*ControllerV1).RotationInfoDelete  | ghttp.MiddlewareHandlerResponse |
|         |        |                         |                                                                                                             | middleware.JWTAuth              |
----------|--------|-------------------------|-------------------------------------------------------------------------------------------------------------|----------------------------------
| :8299   | GET    | /backend/rotation       | shop-goframe-micro-service/app/gateway-admin/internal/controller/banner.(*ControllerV1).RotationInfoGetList | ghttp.MiddlewareHandlerResponse |
|         |        |                         |                                                                                                             | middleware.JWTAuth              |
----------|--------|-------------------------|-------------------------------------------------------------------------------------------------------------|----------------------------------
| :8299   | POST   | /backend/rotation       | shop-goframe-micro-service/app/gateway-admin/internal/controller/banner.(*ControllerV1).RotationInfoCreate  | ghttp.MiddlewareHandlerResponse |
|         |        |                         |                                                                                                             | middleware.JWTAuth              |
----------|--------|-------------------------|-------------------------------------------------------------------------------------------------------------|----------------------------------
| :8299   | PUT    | /backend/rotation       | shop-goframe-micro-service/app/gateway-admin/internal/controller/banner.(*ControllerV1).RotationInfoUpdate  | ghttp.MiddlewareHandlerResponse |
|         |        |                         |                                                                                                             | middleware.JWTAuth              |
----------|--------|-------------------------|-------------------------------------------------------------------------------------------------------------|----------------------------------
| :8299   | ALL    | /swagger/*              | github.com/gogf/gf/v2/net/ghttp.(*Server).swaggerUI                                                         | HOOK_BEFORE_SERVE               |
----------|--------|-------------------------|-------------------------------------------------------------------------------------------------------------|----------------------------------

2025-09-17 00:30:23.743 [DEBU] {2c8e5b6b6dcf6518ef60a45a0205b0bc} gateway-admin service deregister: &{Service:0xc0002ba460 Endpoints:192.168.190.1:8299,192.168.72.1:8299,172.30.103.68:8299,172.29.208.1:8299,172.17.144.1:8299 Metadata:map[insecure:true protocol:http]}
