2025-09-16T15:15:34 [INFO] {88089b6ffdb16518acbb35752037595c} gateway-h5 swagger ui is serving at address: http://127.0.0.1:8199/swagger/
2025-09-16T15:15:34 [INFO] gateway-h5 pid[37848]: http server started listening on [:8199]
2025-09-16T15:15:34 [INFO] {88089b6ffdb16518acbb35752037595c} gateway-h5 openapi specification is serving at address: http://127.0.0.1:8199/api.json
2025-09-16T15:15:34 [DEBU] {88089b6ffdb16518acbb35752037595c} gateway-h5 service register: &{Head: Deployment: Namespace: Name:default Version: Endpoints:192.168.190.1:8199,192.168.72.1:8199,172.30.103.68:8199,172.29.208.1:8199,172.17.144.1:8199 Metadata:map[insecure:true protocol:http]}

----------|--------|--------------------------------|-----------------------------------------------------------------------------------------------------------------|----------------------------------
| ADDRESS | METHOD |             ROUTE              |                                                     HANDLER                                                     |           MIDDLEWARE            |
----------|--------|--------------------------------|-----------------------------------------------------------------------------------------------------------------|----------------------------------
| :8199   | ALL    | /*                             | shop-goframe-micro-service/utility/middleware.MiddlewareCORS                                                    | GLOBAL MIDDLEWARE               |
----------|--------|--------------------------------|-----------------------------------------------------------------------------------------------------------------|----------------------------------
| :8199   | ALL    | /api.json                      | github.com/gogf/gf/v2/net/ghttp.(*Server).openapiSpec                                                           |                                 |
----------|--------|--------------------------------|-----------------------------------------------------------------------------------------------------------------|----------------------------------
| :8199   | DELETE | /frontend/collection           | shop-goframe-micro-service/app/gateway-h5/internal/controller/interaction.(*ControllerV1).CollectionInfoDelete  | ghttp.MiddlewareHandlerResponse |
|         |        |                                |                                                                                                                 | middleware.JWTAuth              |
----------|--------|--------------------------------|-----------------------------------------------------------------------------------------------------------------|----------------------------------
| :8199   | GET    | /frontend/collection           | shop-goframe-micro-service/app/gateway-h5/internal/controller/interaction.(*ControllerV1).CollectionInfoGetList | ghttp.MiddlewareHandlerResponse |
|         |        |                                |                                                                                                                 | middleware.JWTAuth              |
----------|--------|--------------------------------|-----------------------------------------------------------------------------------------------------------------|----------------------------------
| :8199   | POST   | /frontend/collection           | shop-goframe-micro-service/app/gateway-h5/internal/controller/interaction.(*ControllerV1).CollectionInfoCreate  | ghttp.MiddlewareHandlerResponse |
|         |        |                                |                                                                                                                 | middleware.JWTAuth              |
----------|--------|--------------------------------|-----------------------------------------------------------------------------------------------------------------|----------------------------------
| :8199   | DELETE | /frontend/comment              | shop-goframe-micro-service/app/gateway-h5/internal/controller/interaction.(*ControllerV1).CommentInfoDelete     | ghttp.MiddlewareHandlerResponse |
|         |        |                                |                                                                                                                 | middleware.JWTAuth              |
----------|--------|--------------------------------|-----------------------------------------------------------------------------------------------------------------|----------------------------------
| :8199   | GET    | /frontend/comment              | shop-goframe-micro-service/app/gateway-h5/internal/controller/interaction.(*ControllerV1).CommentInfoGetList    | ghttp.MiddlewareHandlerResponse |
|         |        |                                |                                                                                                                 | middleware.JWTAuth              |
----------|--------|--------------------------------|-----------------------------------------------------------------------------------------------------------------|----------------------------------
| :8199   | POST   | /frontend/comment              | shop-goframe-micro-service/app/gateway-h5/internal/controller/interaction.(*ControllerV1).CommentInfoCreate     | ghttp.MiddlewareHandlerResponse |
|         |        |                                |                                                                                                                 | middleware.JWTAuth              |
----------|--------|--------------------------------|-----------------------------------------------------------------------------------------------------------------|----------------------------------
| :8199   | DELETE | /frontend/consignee            | shop-goframe-micro-service/app/gateway-h5/internal/controller/user.(*ControllerV1).ConsigneeInfoDelete          | ghttp.MiddlewareHandlerResponse |
----------|--------|--------------------------------|-----------------------------------------------------------------------------------------------------------------|----------------------------------
| :8199   | GET    | /frontend/consignee            | shop-goframe-micro-service/app/gateway-h5/internal/controller/user.(*ControllerV1).ConsigneeInfoGetList         | ghttp.MiddlewareHandlerResponse |
----------|--------|--------------------------------|-----------------------------------------------------------------------------------------------------------------|----------------------------------
| :8199   | POST   | /frontend/consignee            | shop-goframe-micro-service/app/gateway-h5/internal/controller/user.(*ControllerV1).ConsigneeInfoCreate          | ghttp.MiddlewareHandlerResponse |
----------|--------|--------------------------------|-----------------------------------------------------------------------------------------------------------------|----------------------------------
| :8199   | PUT    | /frontend/consignee            | shop-goframe-micro-service/app/gateway-h5/internal/controller/user.(*ControllerV1).ConsigneeInfoUpdate          | ghttp.MiddlewareHandlerResponse |
----------|--------|--------------------------------|-----------------------------------------------------------------------------------------------------------------|----------------------------------
| :8199   | GET    | /frontend/goods                | shop-goframe-micro-service/app/gateway-h5/internal/controller/goods.(*ControllerV1).GoodsInfoGetList            | ghttp.MiddlewareHandlerResponse |
----------|--------|--------------------------------|-----------------------------------------------------------------------------------------------------------------|----------------------------------
| :8199   | GET    | /frontend/goods/detail         | shop-goframe-micro-service/app/gateway-h5/internal/controller/goods.(*ControllerV1).GoodsInfoGetDetail          | ghttp.MiddlewareHandlerResponse |
----------|--------|--------------------------------|-----------------------------------------------------------------------------------------------------------------|----------------------------------
| :8199   | GET    | /frontend/goods/images         | shop-goframe-micro-service/app/gateway-h5/internal/controller/goods.(*ControllerV1).GoodsImagesGetList          | ghttp.MiddlewareHandlerResponse |
----------|--------|--------------------------------|-----------------------------------------------------------------------------------------------------------------|----------------------------------
| :8199   | GET    | /frontend/order                | shop-goframe-micro-service/app/gateway-h5/internal/controller/order.(*ControllerV1).OrderInfoGetList            | ghttp.MiddlewareHandlerResponse |
----------|--------|--------------------------------|-----------------------------------------------------------------------------------------------------------------|----------------------------------
| :8199   | POST   | /frontend/order                | shop-goframe-micro-service/app/gateway-h5/internal/controller/order.(*ControllerV1).OrderInfoCreate             | ghttp.MiddlewareHandlerResponse |
----------|--------|--------------------------------|-----------------------------------------------------------------------------------------------------------------|----------------------------------
| :8199   | DELETE | /frontend/praise               | shop-goframe-micro-service/app/gateway-h5/internal/controller/interaction.(*ControllerV1).PraiseInfoDelete      | ghttp.MiddlewareHandlerResponse |
|         |        |                                |                                                                                                                 | middleware.JWTAuth              |
----------|--------|--------------------------------|-----------------------------------------------------------------------------------------------------------------|----------------------------------
| :8199   | GET    | /frontend/praise               | shop-goframe-micro-service/app/gateway-h5/internal/controller/interaction.(*ControllerV1).PraiseInfoGetList     | ghttp.MiddlewareHandlerResponse |
|         |        |                                |                                                                                                                 | middleware.JWTAuth              |
----------|--------|--------------------------------|-----------------------------------------------------------------------------------------------------------------|----------------------------------
| :8199   | POST   | /frontend/praise               | shop-goframe-micro-service/app/gateway-h5/internal/controller/interaction.(*ControllerV1).PraiseInfoCreate      | ghttp.MiddlewareHandlerResponse |
|         |        |                                |                                                                                                                 | middleware.JWTAuth              |
----------|--------|--------------------------------|-----------------------------------------------------------------------------------------------------------------|----------------------------------
| :8199   | GET    | /frontend/user/info            | shop-goframe-micro-service/app/gateway-h5/internal/controller/user.(*ControllerV1).UserInfo                     | ghttp.MiddlewareHandlerResponse |
----------|--------|--------------------------------|-----------------------------------------------------------------------------------------------------------------|----------------------------------
| :8199   | POST   | /frontend/user/login           | shop-goframe-micro-service/app/gateway-h5/internal/controller/user.(*ControllerV1).UserInfoLogin                | ghttp.MiddlewareHandlerResponse |
----------|--------|--------------------------------|-----------------------------------------------------------------------------------------------------------------|----------------------------------
| :8199   | POST   | /frontend/user/register        | shop-goframe-micro-service/app/gateway-h5/internal/controller/user.(*ControllerV1).UserInfoRegister             | ghttp.MiddlewareHandlerResponse |
----------|--------|--------------------------------|-----------------------------------------------------------------------------------------------------------------|----------------------------------
| :8199   | PUT    | /frontend/user/update/password | shop-goframe-micro-service/app/gateway-h5/internal/controller/user.(*ControllerV1).UserInfoUpdatePassword       | ghttp.MiddlewareHandlerResponse |
----------|--------|--------------------------------|-----------------------------------------------------------------------------------------------------------------|----------------------------------
| :8199   | ALL    | /swagger/*                     | github.com/gogf/gf/v2/net/ghttp.(*Server).swaggerUI                                                             | HOOK_BEFORE_SERVE               |
----------|--------|--------------------------------|-----------------------------------------------------------------------------------------------------------------|----------------------------------

2025-09-16T15:19:49 [DEBU] {88089b6ffdb16518acbb35752037595c} gateway-h5 service deregister: &{Service:0xc0002bd5e0 Endpoints:192.168.190.1:8199,192.168.72.1:8199,172.30.103.68:8199,172.29.208.1:8199,172.17.144.1:8199 Metadata:map[insecure:true protocol:http]}
2025-09-16T16:12:50 [INFO] {a0b6eb6c1db5651833ca915f4fc99a28} gateway-h5 swagger ui is serving at address: http://127.0.0.1:8199/swagger/
2025-09-16T16:12:50 [INFO] gateway-h5 pid[299676]: http server started listening on [:8199]
2025-09-16T16:12:50 [INFO] {a0b6eb6c1db5651833ca915f4fc99a28} gateway-h5 openapi specification is serving at address: http://127.0.0.1:8199/api.json
2025-09-16T16:12:50 [DEBU] {a0b6eb6c1db5651833ca915f4fc99a28} gateway-h5 service register: &{Head: Deployment: Namespace: Name:default Version: Endpoints:192.168.190.1:8199,192.168.72.1:8199,172.30.103.68:8199,172.29.208.1:8199,172.17.144.1:8199 Metadata:map[insecure:true protocol:http]}

----------|--------|--------------------------------|-----------------------------------------------------------------------------------------------------------------|----------------------------------
| ADDRESS | METHOD |             ROUTE              |                                                     HANDLER                                                     |           MIDDLEWARE            |
----------|--------|--------------------------------|-----------------------------------------------------------------------------------------------------------------|----------------------------------
| :8199   | ALL    | /*                             | shop-goframe-micro-service/utility/middleware.MiddlewareCORS                                                    | GLOBAL MIDDLEWARE               |
----------|--------|--------------------------------|-----------------------------------------------------------------------------------------------------------------|----------------------------------
| :8199   | ALL    | /api.json                      | github.com/gogf/gf/v2/net/ghttp.(*Server).openapiSpec                                                           |                                 |
----------|--------|--------------------------------|-----------------------------------------------------------------------------------------------------------------|----------------------------------
| :8199   | DELETE | /frontend/collection           | shop-goframe-micro-service/app/gateway-h5/internal/controller/interaction.(*ControllerV1).CollectionInfoDelete  | ghttp.MiddlewareHandlerResponse |
|         |        |                                |                                                                                                                 | middleware.JWTAuth              |
----------|--------|--------------------------------|-----------------------------------------------------------------------------------------------------------------|----------------------------------
| :8199   | GET    | /frontend/collection           | shop-goframe-micro-service/app/gateway-h5/internal/controller/interaction.(*ControllerV1).CollectionInfoGetList | ghttp.MiddlewareHandlerResponse |
|         |        |                                |                                                                                                                 | middleware.JWTAuth              |
----------|--------|--------------------------------|-----------------------------------------------------------------------------------------------------------------|----------------------------------
| :8199   | POST   | /frontend/collection           | shop-goframe-micro-service/app/gateway-h5/internal/controller/interaction.(*ControllerV1).CollectionInfoCreate  | ghttp.MiddlewareHandlerResponse |
|         |        |                                |                                                                                                                 | middleware.JWTAuth              |
----------|--------|--------------------------------|-----------------------------------------------------------------------------------------------------------------|----------------------------------
| :8199   | DELETE | /frontend/comment              | shop-goframe-micro-service/app/gateway-h5/internal/controller/interaction.(*ControllerV1).CommentInfoDelete     | ghttp.MiddlewareHandlerResponse |
|         |        |                                |                                                                                                                 | middleware.JWTAuth              |
----------|--------|--------------------------------|-----------------------------------------------------------------------------------------------------------------|----------------------------------
| :8199   | GET    | /frontend/comment              | shop-goframe-micro-service/app/gateway-h5/internal/controller/interaction.(*ControllerV1).CommentInfoGetList    | ghttp.MiddlewareHandlerResponse |
|         |        |                                |                                                                                                                 | middleware.JWTAuth              |
----------|--------|--------------------------------|-----------------------------------------------------------------------------------------------------------------|----------------------------------
| :8199   | POST   | /frontend/comment              | shop-goframe-micro-service/app/gateway-h5/internal/controller/interaction.(*ControllerV1).CommentInfoCreate     | ghttp.MiddlewareHandlerResponse |
|         |        |                                |                                                                                                                 | middleware.JWTAuth              |
----------|--------|--------------------------------|-----------------------------------------------------------------------------------------------------------------|----------------------------------
| :8199   | DELETE | /frontend/consignee            | shop-goframe-micro-service/app/gateway-h5/internal/controller/user.(*ControllerV1).ConsigneeInfoDelete          | ghttp.MiddlewareHandlerResponse |
----------|--------|--------------------------------|-----------------------------------------------------------------------------------------------------------------|----------------------------------
| :8199   | GET    | /frontend/consignee            | shop-goframe-micro-service/app/gateway-h5/internal/controller/user.(*ControllerV1).ConsigneeInfoGetList         | ghttp.MiddlewareHandlerResponse |
----------|--------|--------------------------------|-----------------------------------------------------------------------------------------------------------------|----------------------------------
| :8199   | POST   | /frontend/consignee            | shop-goframe-micro-service/app/gateway-h5/internal/controller/user.(*ControllerV1).ConsigneeInfoCreate          | ghttp.MiddlewareHandlerResponse |
----------|--------|--------------------------------|-----------------------------------------------------------------------------------------------------------------|----------------------------------
| :8199   | PUT    | /frontend/consignee            | shop-goframe-micro-service/app/gateway-h5/internal/controller/user.(*ControllerV1).ConsigneeInfoUpdate          | ghttp.MiddlewareHandlerResponse |
----------|--------|--------------------------------|-----------------------------------------------------------------------------------------------------------------|----------------------------------
| :8199   | GET    | /frontend/goods                | shop-goframe-micro-service/app/gateway-h5/internal/controller/goods.(*ControllerV1).GoodsInfoGetList            | ghttp.MiddlewareHandlerResponse |
----------|--------|--------------------------------|-----------------------------------------------------------------------------------------------------------------|----------------------------------
| :8199   | GET    | /frontend/goods/detail         | shop-goframe-micro-service/app/gateway-h5/internal/controller/goods.(*ControllerV1).GoodsInfoGetDetail          | ghttp.MiddlewareHandlerResponse |
----------|--------|--------------------------------|-----------------------------------------------------------------------------------------------------------------|----------------------------------
| :8199   | GET    | /frontend/goods/images         | shop-goframe-micro-service/app/gateway-h5/internal/controller/goods.(*ControllerV1).GoodsImagesGetList          | ghttp.MiddlewareHandlerResponse |
----------|--------|--------------------------------|-----------------------------------------------------------------------------------------------------------------|----------------------------------
| :8199   | GET    | /frontend/order                | shop-goframe-micro-service/app/gateway-h5/internal/controller/order.(*ControllerV1).OrderInfoGetList            | ghttp.MiddlewareHandlerResponse |
|         |        |                                |                                                                                                                 | middleware.JWTAuth              |
----------|--------|--------------------------------|-----------------------------------------------------------------------------------------------------------------|----------------------------------
| :8199   | POST   | /frontend/order                | shop-goframe-micro-service/app/gateway-h5/internal/controller/order.(*ControllerV1).OrderInfoCreate             | ghttp.MiddlewareHandlerResponse |
|         |        |                                |                                                                                                                 | middleware.JWTAuth              |
----------|--------|--------------------------------|-----------------------------------------------------------------------------------------------------------------|----------------------------------
| :8199   | DELETE | /frontend/praise               | shop-goframe-micro-service/app/gateway-h5/internal/controller/interaction.(*ControllerV1).PraiseInfoDelete      | ghttp.MiddlewareHandlerResponse |
|         |        |                                |                                                                                                                 | middleware.JWTAuth              |
----------|--------|--------------------------------|-----------------------------------------------------------------------------------------------------------------|----------------------------------
| :8199   | GET    | /frontend/praise               | shop-goframe-micro-service/app/gateway-h5/internal/controller/interaction.(*ControllerV1).PraiseInfoGetList     | ghttp.MiddlewareHandlerResponse |
|         |        |                                |                                                                                                                 | middleware.JWTAuth              |
----------|--------|--------------------------------|-----------------------------------------------------------------------------------------------------------------|----------------------------------
| :8199   | POST   | /frontend/praise               | shop-goframe-micro-service/app/gateway-h5/internal/controller/interaction.(*ControllerV1).PraiseInfoCreate      | ghttp.MiddlewareHandlerResponse |
|         |        |                                |                                                                                                                 | middleware.JWTAuth              |
----------|--------|--------------------------------|-----------------------------------------------------------------------------------------------------------------|----------------------------------
| :8199   | GET    | /frontend/refund               | shop-goframe-micro-service/app/gateway-h5/internal/controller/order.(*ControllerV1).RefundInfoGetList           | ghttp.MiddlewareHandlerResponse |
|         |        |                                |                                                                                                                 | middleware.JWTAuth              |
----------|--------|--------------------------------|-----------------------------------------------------------------------------------------------------------------|----------------------------------
| :8199   | POST   | /frontend/refund               | shop-goframe-micro-service/app/gateway-h5/internal/controller/order.(*ControllerV1).RefundInfoCreate            | ghttp.MiddlewareHandlerResponse |
|         |        |                                |                                                                                                                 | middleware.JWTAuth              |
----------|--------|--------------------------------|-----------------------------------------------------------------------------------------------------------------|----------------------------------
| :8199   | GET    | /frontend/refund/detail/{id}   | shop-goframe-micro-service/app/gateway-h5/internal/controller/order.(*ControllerV1).RefundInfoGetDetail         | ghttp.MiddlewareHandlerResponse |
|         |        |                                |                                                                                                                 | middleware.JWTAuth              |
----------|--------|--------------------------------|-----------------------------------------------------------------------------------------------------------------|----------------------------------
| :8199   | GET    | /frontend/user/info            | shop-goframe-micro-service/app/gateway-h5/internal/controller/user.(*ControllerV1).UserInfo                     | ghttp.MiddlewareHandlerResponse |
----------|--------|--------------------------------|-----------------------------------------------------------------------------------------------------------------|----------------------------------
| :8199   | POST   | /frontend/user/login           | shop-goframe-micro-service/app/gateway-h5/internal/controller/user.(*ControllerV1).UserInfoLogin                | ghttp.MiddlewareHandlerResponse |
----------|--------|--------------------------------|-----------------------------------------------------------------------------------------------------------------|----------------------------------
| :8199   | POST   | /frontend/user/register        | shop-goframe-micro-service/app/gateway-h5/internal/controller/user.(*ControllerV1).UserInfoRegister             | ghttp.MiddlewareHandlerResponse |
----------|--------|--------------------------------|-----------------------------------------------------------------------------------------------------------------|----------------------------------
| :8199   | PUT    | /frontend/user/update/password | shop-goframe-micro-service/app/gateway-h5/internal/controller/user.(*ControllerV1).UserInfoUpdatePassword       | ghttp.MiddlewareHandlerResponse |
----------|--------|--------------------------------|-----------------------------------------------------------------------------------------------------------------|----------------------------------
| :8199   | ALL    | /swagger/*                     | github.com/gogf/gf/v2/net/ghttp.(*Server).swaggerUI                                                             | HOOK_BEFORE_SERVE               |
----------|--------|--------------------------------|-----------------------------------------------------------------------------------------------------------------|----------------------------------

2025-09-16T21:34:09 [INFO] {f8941c2fa6c6651838f85f1e343f222a} gateway-h5 swagger ui is serving at address: http://127.0.0.1:8199/swagger/
2025-09-16T21:34:09 [INFO] gateway-h5 pid[412556]: http server started listening on [:8199]
2025-09-16T21:34:09 [INFO] {f8941c2fa6c6651838f85f1e343f222a} gateway-h5 openapi specification is serving at address: http://127.0.0.1:8199/api.json
2025-09-16T21:34:09 [DEBU] {f8941c2fa6c6651838f85f1e343f222a} gateway-h5 service register: &{Head: Deployment: Namespace: Name:default Version: Endpoints:192.168.190.1:8199,192.168.72.1:8199,172.30.103.68:8199,172.29.208.1:8199,172.17.144.1:8199 Metadata:map[insecure:true protocol:http]}

----------|--------|--------------------------------|-----------------------------------------------------------------------------------------------------------------|----------------------------------
| ADDRESS | METHOD |             ROUTE              |                                                     HANDLER                                                     |           MIDDLEWARE            |
----------|--------|--------------------------------|-----------------------------------------------------------------------------------------------------------------|----------------------------------
| :8199   | ALL    | /*                             | shop-goframe-micro-service/utility/middleware.MiddlewareCORS                                                    | GLOBAL MIDDLEWARE               |
----------|--------|--------------------------------|-----------------------------------------------------------------------------------------------------------------|----------------------------------
| :8199   | ALL    | /api.json                      | github.com/gogf/gf/v2/net/ghttp.(*Server).openapiSpec                                                           |                                 |
----------|--------|--------------------------------|-----------------------------------------------------------------------------------------------------------------|----------------------------------
| :8199   | DELETE | /frontend/collection           | shop-goframe-micro-service/app/gateway-h5/internal/controller/interaction.(*ControllerV1).CollectionInfoDelete  | ghttp.MiddlewareHandlerResponse |
|         |        |                                |                                                                                                                 | middleware.JWTAuth              |
----------|--------|--------------------------------|-----------------------------------------------------------------------------------------------------------------|----------------------------------
| :8199   | GET    | /frontend/collection           | shop-goframe-micro-service/app/gateway-h5/internal/controller/interaction.(*ControllerV1).CollectionInfoGetList | ghttp.MiddlewareHandlerResponse |
|         |        |                                |                                                                                                                 | middleware.JWTAuth              |
----------|--------|--------------------------------|-----------------------------------------------------------------------------------------------------------------|----------------------------------
| :8199   | POST   | /frontend/collection           | shop-goframe-micro-service/app/gateway-h5/internal/controller/interaction.(*ControllerV1).CollectionInfoCreate  | ghttp.MiddlewareHandlerResponse |
|         |        |                                |                                                                                                                 | middleware.JWTAuth              |
----------|--------|--------------------------------|-----------------------------------------------------------------------------------------------------------------|----------------------------------
| :8199   | DELETE | /frontend/comment              | shop-goframe-micro-service/app/gateway-h5/internal/controller/interaction.(*ControllerV1).CommentInfoDelete     | ghttp.MiddlewareHandlerResponse |
|         |        |                                |                                                                                                                 | middleware.JWTAuth              |
----------|--------|--------------------------------|-----------------------------------------------------------------------------------------------------------------|----------------------------------
| :8199   | GET    | /frontend/comment              | shop-goframe-micro-service/app/gateway-h5/internal/controller/interaction.(*ControllerV1).CommentInfoGetList    | ghttp.MiddlewareHandlerResponse |
|         |        |                                |                                                                                                                 | middleware.JWTAuth              |
----------|--------|--------------------------------|-----------------------------------------------------------------------------------------------------------------|----------------------------------
| :8199   | POST   | /frontend/comment              | shop-goframe-micro-service/app/gateway-h5/internal/controller/interaction.(*ControllerV1).CommentInfoCreate     | ghttp.MiddlewareHandlerResponse |
|         |        |                                |                                                                                                                 | middleware.JWTAuth              |
----------|--------|--------------------------------|-----------------------------------------------------------------------------------------------------------------|----------------------------------
| :8199   | DELETE | /frontend/consignee            | shop-goframe-micro-service/app/gateway-h5/internal/controller/user.(*ControllerV1).ConsigneeInfoDelete          | ghttp.MiddlewareHandlerResponse |
----------|--------|--------------------------------|-----------------------------------------------------------------------------------------------------------------|----------------------------------
| :8199   | GET    | /frontend/consignee            | shop-goframe-micro-service/app/gateway-h5/internal/controller/user.(*ControllerV1).ConsigneeInfoGetList         | ghttp.MiddlewareHandlerResponse |
----------|--------|--------------------------------|-----------------------------------------------------------------------------------------------------------------|----------------------------------
| :8199   | POST   | /frontend/consignee            | shop-goframe-micro-service/app/gateway-h5/internal/controller/user.(*ControllerV1).ConsigneeInfoCreate          | ghttp.MiddlewareHandlerResponse |
----------|--------|--------------------------------|-----------------------------------------------------------------------------------------------------------------|----------------------------------
| :8199   | PUT    | /frontend/consignee            | shop-goframe-micro-service/app/gateway-h5/internal/controller/user.(*ControllerV1).ConsigneeInfoUpdate          | ghttp.MiddlewareHandlerResponse |
----------|--------|--------------------------------|-----------------------------------------------------------------------------------------------------------------|----------------------------------
| :8199   | GET    | /frontend/goods                | shop-goframe-micro-service/app/gateway-h5/internal/controller/goods.(*ControllerV1).GoodsInfoGetList            | ghttp.MiddlewareHandlerResponse |
----------|--------|--------------------------------|-----------------------------------------------------------------------------------------------------------------|----------------------------------
| :8199   | GET    | /frontend/goods/detail         | shop-goframe-micro-service/app/gateway-h5/internal/controller/goods.(*ControllerV1).GoodsInfoGetDetail          | ghttp.MiddlewareHandlerResponse |
----------|--------|--------------------------------|-----------------------------------------------------------------------------------------------------------------|----------------------------------
| :8199   | GET    | /frontend/goods/images         | shop-goframe-micro-service/app/gateway-h5/internal/controller/goods.(*ControllerV1).GoodsImagesGetList          | ghttp.MiddlewareHandlerResponse |
----------|--------|--------------------------------|-----------------------------------------------------------------------------------------------------------------|----------------------------------
| :8199   | GET    | /frontend/order                | shop-goframe-micro-service/app/gateway-h5/internal/controller/order.(*ControllerV1).OrderInfoGetList            | ghttp.MiddlewareHandlerResponse |
|         |        |                                |                                                                                                                 | middleware.JWTAuth              |
----------|--------|--------------------------------|-----------------------------------------------------------------------------------------------------------------|----------------------------------
| :8199   | POST   | /frontend/order                | shop-goframe-micro-service/app/gateway-h5/internal/controller/order.(*ControllerV1).OrderInfoCreate             | ghttp.MiddlewareHandlerResponse |
|         |        |                                |                                                                                                                 | middleware.JWTAuth              |
----------|--------|--------------------------------|-----------------------------------------------------------------------------------------------------------------|----------------------------------
| :8199   | DELETE | /frontend/praise               | shop-goframe-micro-service/app/gateway-h5/internal/controller/interaction.(*ControllerV1).PraiseInfoDelete      | ghttp.MiddlewareHandlerResponse |
|         |        |                                |                                                                                                                 | middleware.JWTAuth              |
----------|--------|--------------------------------|-----------------------------------------------------------------------------------------------------------------|----------------------------------
| :8199   | GET    | /frontend/praise               | shop-goframe-micro-service/app/gateway-h5/internal/controller/interaction.(*ControllerV1).PraiseInfoGetList     | ghttp.MiddlewareHandlerResponse |
|         |        |                                |                                                                                                                 | middleware.JWTAuth              |
----------|--------|--------------------------------|-----------------------------------------------------------------------------------------------------------------|----------------------------------
| :8199   | POST   | /frontend/praise               | shop-goframe-micro-service/app/gateway-h5/internal/controller/interaction.(*ControllerV1).PraiseInfoCreate      | ghttp.MiddlewareHandlerResponse |
|         |        |                                |                                                                                                                 | middleware.JWTAuth              |
----------|--------|--------------------------------|-----------------------------------------------------------------------------------------------------------------|----------------------------------
| :8199   | GET    | /frontend/refund               | shop-goframe-micro-service/app/gateway-h5/internal/controller/order.(*ControllerV1).RefundInfoGetList           | ghttp.MiddlewareHandlerResponse |
|         |        |                                |                                                                                                                 | middleware.JWTAuth              |
----------|--------|--------------------------------|-----------------------------------------------------------------------------------------------------------------|----------------------------------
| :8199   | POST   | /frontend/refund               | shop-goframe-micro-service/app/gateway-h5/internal/controller/order.(*ControllerV1).RefundInfoCreate            | ghttp.MiddlewareHandlerResponse |
|         |        |                                |                                                                                                                 | middleware.JWTAuth              |
----------|--------|--------------------------------|-----------------------------------------------------------------------------------------------------------------|----------------------------------
| :8199   | GET    | /frontend/refund/detail/{id}   | shop-goframe-micro-service/app/gateway-h5/internal/controller/order.(*ControllerV1).RefundInfoGetDetail         | ghttp.MiddlewareHandlerResponse |
|         |        |                                |                                                                                                                 | middleware.JWTAuth              |
----------|--------|--------------------------------|-----------------------------------------------------------------------------------------------------------------|----------------------------------
| :8199   | GET    | /frontend/user/info            | shop-goframe-micro-service/app/gateway-h5/internal/controller/user.(*ControllerV1).UserInfo                     | ghttp.MiddlewareHandlerResponse |
----------|--------|--------------------------------|-----------------------------------------------------------------------------------------------------------------|----------------------------------
| :8199   | POST   | /frontend/user/login           | shop-goframe-micro-service/app/gateway-h5/internal/controller/user.(*ControllerV1).UserInfoLogin                | ghttp.MiddlewareHandlerResponse |
----------|--------|--------------------------------|-----------------------------------------------------------------------------------------------------------------|----------------------------------
| :8199   | POST   | /frontend/user/register        | shop-goframe-micro-service/app/gateway-h5/internal/controller/user.(*ControllerV1).UserInfoRegister             | ghttp.MiddlewareHandlerResponse |
----------|--------|--------------------------------|-----------------------------------------------------------------------------------------------------------------|----------------------------------
| :8199   | PUT    | /frontend/user/update/password | shop-goframe-micro-service/app/gateway-h5/internal/controller/user.(*ControllerV1).UserInfoUpdatePassword       | ghttp.MiddlewareHandlerResponse |
----------|--------|--------------------------------|-----------------------------------------------------------------------------------------------------------------|----------------------------------
| :8199   | ALL    | /swagger/*                     | github.com/gogf/gf/v2/net/ghttp.(*Server).swaggerUI                                                             | HOOK_BEFORE_SERVE               |
----------|--------|--------------------------------|-----------------------------------------------------------------------------------------------------------------|----------------------------------

2025-09-16T21:43:07 [INFO] {4cac4cac23c76518bba5820419617d5f} gateway-h5 swagger ui is serving at address: http://127.0.0.1:8199/swagger/
2025-09-16T21:43:07 [INFO] gateway-h5 pid[1511020]: http server started listening on [:8199]
2025-09-16T21:43:07 [INFO] {4cac4cac23c76518bba5820419617d5f} gateway-h5 openapi specification is serving at address: http://127.0.0.1:8199/api.json
2025-09-16T21:43:07 [DEBU] {4cac4cac23c76518bba5820419617d5f} gateway-h5 service register: &{Head: Deployment: Namespace: Name:default Version: Endpoints:192.168.190.1:8199,192.168.72.1:8199,172.30.103.68:8199,172.29.208.1:8199,172.17.144.1:8199 Metadata:map[insecure:true protocol:http]}

----------|--------|--------------------------------|-----------------------------------------------------------------------------------------------------------------|----------------------------------
| ADDRESS | METHOD |             ROUTE              |                                                     HANDLER                                                     |           MIDDLEWARE            |
----------|--------|--------------------------------|-----------------------------------------------------------------------------------------------------------------|----------------------------------
| :8199   | ALL    | /*                             | shop-goframe-micro-service/utility/middleware.MiddlewareCORS                                                    | GLOBAL MIDDLEWARE               |
----------|--------|--------------------------------|-----------------------------------------------------------------------------------------------------------------|----------------------------------
| :8199   | ALL    | /api.json                      | github.com/gogf/gf/v2/net/ghttp.(*Server).openapiSpec                                                           |                                 |
----------|--------|--------------------------------|-----------------------------------------------------------------------------------------------------------------|----------------------------------
| :8199   | DELETE | /frontend/collection           | shop-goframe-micro-service/app/gateway-h5/internal/controller/interaction.(*ControllerV1).CollectionInfoDelete  | ghttp.MiddlewareHandlerResponse |
|         |        |                                |                                                                                                                 | middleware.JWTAuth              |
----------|--------|--------------------------------|-----------------------------------------------------------------------------------------------------------------|----------------------------------
| :8199   | GET    | /frontend/collection           | shop-goframe-micro-service/app/gateway-h5/internal/controller/interaction.(*ControllerV1).CollectionInfoGetList | ghttp.MiddlewareHandlerResponse |
|         |        |                                |                                                                                                                 | middleware.JWTAuth              |
----------|--------|--------------------------------|-----------------------------------------------------------------------------------------------------------------|----------------------------------
| :8199   | POST   | /frontend/collection           | shop-goframe-micro-service/app/gateway-h5/internal/controller/interaction.(*ControllerV1).CollectionInfoCreate  | ghttp.MiddlewareHandlerResponse |
|         |        |                                |                                                                                                                 | middleware.JWTAuth              |
----------|--------|--------------------------------|-----------------------------------------------------------------------------------------------------------------|----------------------------------
| :8199   | DELETE | /frontend/comment              | shop-goframe-micro-service/app/gateway-h5/internal/controller/interaction.(*ControllerV1).CommentInfoDelete     | ghttp.MiddlewareHandlerResponse |
|         |        |                                |                                                                                                                 | middleware.JWTAuth              |
----------|--------|--------------------------------|-----------------------------------------------------------------------------------------------------------------|----------------------------------
| :8199   | GET    | /frontend/comment              | shop-goframe-micro-service/app/gateway-h5/internal/controller/interaction.(*ControllerV1).CommentInfoGetList    | ghttp.MiddlewareHandlerResponse |
|         |        |                                |                                                                                                                 | middleware.JWTAuth              |
----------|--------|--------------------------------|-----------------------------------------------------------------------------------------------------------------|----------------------------------
| :8199   | POST   | /frontend/comment              | shop-goframe-micro-service/app/gateway-h5/internal/controller/interaction.(*ControllerV1).CommentInfoCreate     | ghttp.MiddlewareHandlerResponse |
|         |        |                                |                                                                                                                 | middleware.JWTAuth              |
----------|--------|--------------------------------|-----------------------------------------------------------------------------------------------------------------|----------------------------------
| :8199   | DELETE | /frontend/consignee            | shop-goframe-micro-service/app/gateway-h5/internal/controller/user.(*ControllerV1).ConsigneeInfoDelete          | ghttp.MiddlewareHandlerResponse |
----------|--------|--------------------------------|-----------------------------------------------------------------------------------------------------------------|----------------------------------
| :8199   | GET    | /frontend/consignee            | shop-goframe-micro-service/app/gateway-h5/internal/controller/user.(*ControllerV1).ConsigneeInfoGetList         | ghttp.MiddlewareHandlerResponse |
----------|--------|--------------------------------|-----------------------------------------------------------------------------------------------------------------|----------------------------------
| :8199   | POST   | /frontend/consignee            | shop-goframe-micro-service/app/gateway-h5/internal/controller/user.(*ControllerV1).ConsigneeInfoCreate          | ghttp.MiddlewareHandlerResponse |
----------|--------|--------------------------------|-----------------------------------------------------------------------------------------------------------------|----------------------------------
| :8199   | PUT    | /frontend/consignee            | shop-goframe-micro-service/app/gateway-h5/internal/controller/user.(*ControllerV1).ConsigneeInfoUpdate          | ghttp.MiddlewareHandlerResponse |
----------|--------|--------------------------------|-----------------------------------------------------------------------------------------------------------------|----------------------------------
| :8199   | GET    | /frontend/goods                | shop-goframe-micro-service/app/gateway-h5/internal/controller/goods.(*ControllerV1).GoodsInfoGetList            | ghttp.MiddlewareHandlerResponse |
----------|--------|--------------------------------|-----------------------------------------------------------------------------------------------------------------|----------------------------------
| :8199   | GET    | /frontend/goods/detail         | shop-goframe-micro-service/app/gateway-h5/internal/controller/goods.(*ControllerV1).GoodsInfoGetDetail          | ghttp.MiddlewareHandlerResponse |
----------|--------|--------------------------------|-----------------------------------------------------------------------------------------------------------------|----------------------------------
| :8199   | GET    | /frontend/goods/images         | shop-goframe-micro-service/app/gateway-h5/internal/controller/goods.(*ControllerV1).GoodsImagesGetList          | ghttp.MiddlewareHandlerResponse |
----------|--------|--------------------------------|-----------------------------------------------------------------------------------------------------------------|----------------------------------
| :8199   | GET    | /frontend/order                | shop-goframe-micro-service/app/gateway-h5/internal/controller/order.(*ControllerV1).OrderInfoGetList            | ghttp.MiddlewareHandlerResponse |
|         |        |                                |                                                                                                                 | middleware.JWTAuth              |
----------|--------|--------------------------------|-----------------------------------------------------------------------------------------------------------------|----------------------------------
| :8199   | POST   | /frontend/order                | shop-goframe-micro-service/app/gateway-h5/internal/controller/order.(*ControllerV1).OrderInfoCreate             | ghttp.MiddlewareHandlerResponse |
|         |        |                                |                                                                                                                 | middleware.JWTAuth              |
----------|--------|--------------------------------|-----------------------------------------------------------------------------------------------------------------|----------------------------------
| :8199   | DELETE | /frontend/praise               | shop-goframe-micro-service/app/gateway-h5/internal/controller/interaction.(*ControllerV1).PraiseInfoDelete      | ghttp.MiddlewareHandlerResponse |
|         |        |                                |                                                                                                                 | middleware.JWTAuth              |
----------|--------|--------------------------------|-----------------------------------------------------------------------------------------------------------------|----------------------------------
| :8199   | GET    | /frontend/praise               | shop-goframe-micro-service/app/gateway-h5/internal/controller/interaction.(*ControllerV1).PraiseInfoGetList     | ghttp.MiddlewareHandlerResponse |
|         |        |                                |                                                                                                                 | middleware.JWTAuth              |
----------|--------|--------------------------------|-----------------------------------------------------------------------------------------------------------------|----------------------------------
| :8199   | POST   | /frontend/praise               | shop-goframe-micro-service/app/gateway-h5/internal/controller/interaction.(*ControllerV1).PraiseInfoCreate      | ghttp.MiddlewareHandlerResponse |
|         |        |                                |                                                                                                                 | middleware.JWTAuth              |
----------|--------|--------------------------------|-----------------------------------------------------------------------------------------------------------------|----------------------------------
| :8199   | GET    | /frontend/refund               | shop-goframe-micro-service/app/gateway-h5/internal/controller/order.(*ControllerV1).RefundInfoGetList           | ghttp.MiddlewareHandlerResponse |
|         |        |                                |                                                                                                                 | middleware.JWTAuth              |
----------|--------|--------------------------------|-----------------------------------------------------------------------------------------------------------------|----------------------------------
| :8199   | POST   | /frontend/refund               | shop-goframe-micro-service/app/gateway-h5/internal/controller/order.(*ControllerV1).RefundInfoCreate            | ghttp.MiddlewareHandlerResponse |
|         |        |                                |                                                                                                                 | middleware.JWTAuth              |
----------|--------|--------------------------------|-----------------------------------------------------------------------------------------------------------------|----------------------------------
| :8199   | GET    | /frontend/refund/detail/{id}   | shop-goframe-micro-service/app/gateway-h5/internal/controller/order.(*ControllerV1).RefundInfoGetDetail         | ghttp.MiddlewareHandlerResponse |
|         |        |                                |                                                                                                                 | middleware.JWTAuth              |
----------|--------|--------------------------------|-----------------------------------------------------------------------------------------------------------------|----------------------------------
| :8199   | GET    | /frontend/user/info            | shop-goframe-micro-service/app/gateway-h5/internal/controller/user.(*ControllerV1).UserInfo                     | ghttp.MiddlewareHandlerResponse |
----------|--------|--------------------------------|-----------------------------------------------------------------------------------------------------------------|----------------------------------
| :8199   | POST   | /frontend/user/login           | shop-goframe-micro-service/app/gateway-h5/internal/controller/user.(*ControllerV1).UserInfoLogin                | ghttp.MiddlewareHandlerResponse |
----------|--------|--------------------------------|-----------------------------------------------------------------------------------------------------------------|----------------------------------
| :8199   | POST   | /frontend/user/register        | shop-goframe-micro-service/app/gateway-h5/internal/controller/user.(*ControllerV1).UserInfoRegister             | ghttp.MiddlewareHandlerResponse |
----------|--------|--------------------------------|-----------------------------------------------------------------------------------------------------------------|----------------------------------
| :8199   | PUT    | /frontend/user/update/password | shop-goframe-micro-service/app/gateway-h5/internal/controller/user.(*ControllerV1).UserInfoUpdatePassword       | ghttp.MiddlewareHandlerResponse |
----------|--------|--------------------------------|-----------------------------------------------------------------------------------------------------------------|----------------------------------
| :8199   | ALL    | /swagger/*                     | github.com/gogf/gf/v2/net/ghttp.(*Server).swaggerUI                                                             | HOOK_BEFORE_SERVE               |
----------|--------|--------------------------------|-----------------------------------------------------------------------------------------------------------------|----------------------------------

2025-09-16T21:48:51 [DEBU] {4cac4cac23c76518bba5820419617d5f} gateway-h5 service deregister: &{Service:0xc000338070 Endpoints:192.168.190.1:8199,192.168.72.1:8199,172.30.103.68:8199,172.29.208.1:8199,172.17.144.1:8199 Metadata:map[insecure:true protocol:http]}
2025-09-16T21:48:56 [INFO] {5cb1b7e974c7651876d4224cc080c1b1} gateway-h5 swagger ui is serving at address: http://127.0.0.1:8199/swagger/
2025-09-16T21:48:56 [INFO] gateway-h5 pid[1566352]: http server started listening on [:8199]
2025-09-16T21:48:56 [INFO] {5cb1b7e974c7651876d4224cc080c1b1} gateway-h5 openapi specification is serving at address: http://127.0.0.1:8199/api.json
2025-09-16T21:48:56 [DEBU] {5cb1b7e974c7651876d4224cc080c1b1} gateway-h5 service register: &{Head: Deployment: Namespace: Name:default Version: Endpoints:192.168.190.1:8199,192.168.72.1:8199,172.30.103.68:8199,172.29.208.1:8199,172.17.144.1:8199 Metadata:map[insecure:true protocol:http]}

----------|--------|--------------------------------|-----------------------------------------------------------------------------------------------------------------|----------------------------------
| ADDRESS | METHOD |             ROUTE              |                                                     HANDLER                                                     |           MIDDLEWARE            |
----------|--------|--------------------------------|-----------------------------------------------------------------------------------------------------------------|----------------------------------
| :8199   | ALL    | /*                             | shop-goframe-micro-service/utility/middleware.MiddlewareCORS                                                    | GLOBAL MIDDLEWARE               |
----------|--------|--------------------------------|-----------------------------------------------------------------------------------------------------------------|----------------------------------
| :8199   | ALL    | /api.json                      | github.com/gogf/gf/v2/net/ghttp.(*Server).openapiSpec                                                           |                                 |
----------|--------|--------------------------------|-----------------------------------------------------------------------------------------------------------------|----------------------------------
| :8199   | DELETE | /frontend/collection           | shop-goframe-micro-service/app/gateway-h5/internal/controller/interaction.(*ControllerV1).CollectionInfoDelete  | ghttp.MiddlewareHandlerResponse |
|         |        |                                |                                                                                                                 | middleware.JWTAuth              |
----------|--------|--------------------------------|-----------------------------------------------------------------------------------------------------------------|----------------------------------
| :8199   | GET    | /frontend/collection           | shop-goframe-micro-service/app/gateway-h5/internal/controller/interaction.(*ControllerV1).CollectionInfoGetList | ghttp.MiddlewareHandlerResponse |
|         |        |                                |                                                                                                                 | middleware.JWTAuth              |
----------|--------|--------------------------------|-----------------------------------------------------------------------------------------------------------------|----------------------------------
| :8199   | POST   | /frontend/collection           | shop-goframe-micro-service/app/gateway-h5/internal/controller/interaction.(*ControllerV1).CollectionInfoCreate  | ghttp.MiddlewareHandlerResponse |
|         |        |                                |                                                                                                                 | middleware.JWTAuth              |
----------|--------|--------------------------------|-----------------------------------------------------------------------------------------------------------------|----------------------------------
| :8199   | DELETE | /frontend/comment              | shop-goframe-micro-service/app/gateway-h5/internal/controller/interaction.(*ControllerV1).CommentInfoDelete     | ghttp.MiddlewareHandlerResponse |
|         |        |                                |                                                                                                                 | middleware.JWTAuth              |
----------|--------|--------------------------------|-----------------------------------------------------------------------------------------------------------------|----------------------------------
| :8199   | GET    | /frontend/comment              | shop-goframe-micro-service/app/gateway-h5/internal/controller/interaction.(*ControllerV1).CommentInfoGetList    | ghttp.MiddlewareHandlerResponse |
|         |        |                                |                                                                                                                 | middleware.JWTAuth              |
----------|--------|--------------------------------|-----------------------------------------------------------------------------------------------------------------|----------------------------------
| :8199   | POST   | /frontend/comment              | shop-goframe-micro-service/app/gateway-h5/internal/controller/interaction.(*ControllerV1).CommentInfoCreate     | ghttp.MiddlewareHandlerResponse |
|         |        |                                |                                                                                                                 | middleware.JWTAuth              |
----------|--------|--------------------------------|-----------------------------------------------------------------------------------------------------------------|----------------------------------
| :8199   | DELETE | /frontend/consignee            | shop-goframe-micro-service/app/gateway-h5/internal/controller/user.(*ControllerV1).ConsigneeInfoDelete          | ghttp.MiddlewareHandlerResponse |
----------|--------|--------------------------------|-----------------------------------------------------------------------------------------------------------------|----------------------------------
| :8199   | GET    | /frontend/consignee            | shop-goframe-micro-service/app/gateway-h5/internal/controller/user.(*ControllerV1).ConsigneeInfoGetList         | ghttp.MiddlewareHandlerResponse |
----------|--------|--------------------------------|-----------------------------------------------------------------------------------------------------------------|----------------------------------
| :8199   | POST   | /frontend/consignee            | shop-goframe-micro-service/app/gateway-h5/internal/controller/user.(*ControllerV1).ConsigneeInfoCreate          | ghttp.MiddlewareHandlerResponse |
----------|--------|--------------------------------|-----------------------------------------------------------------------------------------------------------------|----------------------------------
| :8199   | PUT    | /frontend/consignee            | shop-goframe-micro-service/app/gateway-h5/internal/controller/user.(*ControllerV1).ConsigneeInfoUpdate          | ghttp.MiddlewareHandlerResponse |
----------|--------|--------------------------------|-----------------------------------------------------------------------------------------------------------------|----------------------------------
| :8199   | GET    | /frontend/goods                | shop-goframe-micro-service/app/gateway-h5/internal/controller/goods.(*ControllerV1).GoodsInfoGetList            | ghttp.MiddlewareHandlerResponse |
----------|--------|--------------------------------|-----------------------------------------------------------------------------------------------------------------|----------------------------------
| :8199   | GET    | /frontend/goods/detail         | shop-goframe-micro-service/app/gateway-h5/internal/controller/goods.(*ControllerV1).GoodsInfoGetDetail          | ghttp.MiddlewareHandlerResponse |
----------|--------|--------------------------------|-----------------------------------------------------------------------------------------------------------------|----------------------------------
| :8199   | GET    | /frontend/goods/images         | shop-goframe-micro-service/app/gateway-h5/internal/controller/goods.(*ControllerV1).GoodsImagesGetList          | ghttp.MiddlewareHandlerResponse |
----------|--------|--------------------------------|-----------------------------------------------------------------------------------------------------------------|----------------------------------
| :8199   | GET    | /frontend/order                | shop-goframe-micro-service/app/gateway-h5/internal/controller/order.(*ControllerV1).OrderInfoGetList            | ghttp.MiddlewareHandlerResponse |
|         |        |                                |                                                                                                                 | middleware.JWTAuth              |
----------|--------|--------------------------------|-----------------------------------------------------------------------------------------------------------------|----------------------------------
| :8199   | POST   | /frontend/order                | shop-goframe-micro-service/app/gateway-h5/internal/controller/order.(*ControllerV1).OrderInfoCreate             | ghttp.MiddlewareHandlerResponse |
|         |        |                                |                                                                                                                 | middleware.JWTAuth              |
----------|--------|--------------------------------|-----------------------------------------------------------------------------------------------------------------|----------------------------------
| :8199   | DELETE | /frontend/praise               | shop-goframe-micro-service/app/gateway-h5/internal/controller/interaction.(*ControllerV1).PraiseInfoDelete      | ghttp.MiddlewareHandlerResponse |
|         |        |                                |                                                                                                                 | middleware.JWTAuth              |
----------|--------|--------------------------------|-----------------------------------------------------------------------------------------------------------------|----------------------------------
| :8199   | GET    | /frontend/praise               | shop-goframe-micro-service/app/gateway-h5/internal/controller/interaction.(*ControllerV1).PraiseInfoGetList     | ghttp.MiddlewareHandlerResponse |
|         |        |                                |                                                                                                                 | middleware.JWTAuth              |
----------|--------|--------------------------------|-----------------------------------------------------------------------------------------------------------------|----------------------------------
| :8199   | POST   | /frontend/praise               | shop-goframe-micro-service/app/gateway-h5/internal/controller/interaction.(*ControllerV1).PraiseInfoCreate      | ghttp.MiddlewareHandlerResponse |
|         |        |                                |                                                                                                                 | middleware.JWTAuth              |
----------|--------|--------------------------------|-----------------------------------------------------------------------------------------------------------------|----------------------------------
| :8199   | GET    | /frontend/refund               | shop-goframe-micro-service/app/gateway-h5/internal/controller/order.(*ControllerV1).RefundInfoGetList           | ghttp.MiddlewareHandlerResponse |
|         |        |                                |                                                                                                                 | middleware.JWTAuth              |
----------|--------|--------------------------------|-----------------------------------------------------------------------------------------------------------------|----------------------------------
| :8199   | POST   | /frontend/refund               | shop-goframe-micro-service/app/gateway-h5/internal/controller/order.(*ControllerV1).RefundInfoCreate            | ghttp.MiddlewareHandlerResponse |
|         |        |                                |                                                                                                                 | middleware.JWTAuth              |
----------|--------|--------------------------------|-----------------------------------------------------------------------------------------------------------------|----------------------------------
| :8199   | GET    | /frontend/refund/detail/{id}   | shop-goframe-micro-service/app/gateway-h5/internal/controller/order.(*ControllerV1).RefundInfoGetDetail         | ghttp.MiddlewareHandlerResponse |
|         |        |                                |                                                                                                                 | middleware.JWTAuth              |
----------|--------|--------------------------------|-----------------------------------------------------------------------------------------------------------------|----------------------------------
| :8199   | GET    | /frontend/user/info            | shop-goframe-micro-service/app/gateway-h5/internal/controller/user.(*ControllerV1).UserInfo                     | ghttp.MiddlewareHandlerResponse |
----------|--------|--------------------------------|-----------------------------------------------------------------------------------------------------------------|----------------------------------
| :8199   | POST   | /frontend/user/login           | shop-goframe-micro-service/app/gateway-h5/internal/controller/user.(*ControllerV1).UserInfoLogin                | ghttp.MiddlewareHandlerResponse |
----------|--------|--------------------------------|-----------------------------------------------------------------------------------------------------------------|----------------------------------
| :8199   | POST   | /frontend/user/register        | shop-goframe-micro-service/app/gateway-h5/internal/controller/user.(*ControllerV1).UserInfoRegister             | ghttp.MiddlewareHandlerResponse |
----------|--------|--------------------------------|-----------------------------------------------------------------------------------------------------------------|----------------------------------
| :8199   | PUT    | /frontend/user/update/password | shop-goframe-micro-service/app/gateway-h5/internal/controller/user.(*ControllerV1).UserInfoUpdatePassword       | ghttp.MiddlewareHandlerResponse |
----------|--------|--------------------------------|-----------------------------------------------------------------------------------------------------------------|----------------------------------
| :8199   | ALL    | /swagger/*                     | github.com/gogf/gf/v2/net/ghttp.(*Server).swaggerUI                                                             | HOOK_BEFORE_SERVE               |
----------|--------|--------------------------------|-----------------------------------------------------------------------------------------------------------------|----------------------------------

2025-09-16T22:26:07 [DEBU] {5cb1b7e974c7651876d4224cc080c1b1} gateway-h5 service deregister: &{Service:0xc0002bb7a0 Endpoints:192.168.190.1:8199,192.168.72.1:8199,172.30.103.68:8199,172.29.208.1:8199,172.17.144.1:8199 Metadata:map[insecure:true protocol:http]}
